# JRE version: Java(TM) SE Runtime Environment (8.0_65-b17) (build 1.8.0_65-b17)
# Java VM: Java HotSpot(TM) 64-Bit Server VM (25.65-b01 mixed mode bsd-amd64 compressed oops)
Heap:
 PSYoungGen      total 76288K, used 4278K [0x000000076ab00000, 0x0000000770000000, 0x00000007c0000000)
  eden space 65536K, 6% used [0x000000076ab00000,0x000000076af2db18,0x000000076eb00000)
  from space 10752K, 0% used [0x000000076f580000,0x000000076f580000,0x0000000770000000)
  to   space 10752K, 0% used [0x000000076eb00000,0x000000076eb00000,0x000000076f580000)
 ParOldGen       total 89088K, used 16217K [0x00000006c0000000, 0x00000006c5700000, 0x000000076ab00000)
  object space 89088K, 18% used [0x00000006c0000000,0x00000006c0fd64f0,0x00000006c5700000)
 Metaspace       used 20904K, capacity 21159K, committed 21552K, reserved 1069056K
  class space    used 2047K, capacity 2116K, committed 2176K, reserved 1048576K
GC Heap History (6 events):
Event: 3.116 GC heap before
{Heap before GC invocations=1 (full 0):
 PSYoungGen      total 76288K, used 65536K [0x000000076ab00000, 0x0000000770000000, 0x00000007c0000000)
  eden space 65536K, 100% used [0x000000076ab00000,0x000000076eb00000,0x000000076eb00000)
  from space 10752K, 0% used [0x000000076f580000,0x000000076f580000,0x0000000770000000)
  to   space 10752K, 0% used [0x000000076eb00000,0x000000076eb00000,0x000000076f580000)
 ParOldGen       total 175104K, used 0K [0x00000006c0000000, 0x00000006cab00000, 0x000000076ab00000)
  object space 175104K, 0% used [0x00000006c0000000,0x00000006c0000000,0x00000006cab00000)
 Metaspace       used 19503K, capacity 19735K, committed 20096K, reserved 1067008K
  class space    used 1986K, capacity 2050K, committed 2176K, reserved 1048576K
Event: 3.123 GC heap after
Heap after GC invocations=1 (full 0):
 PSYoungGen      total 76288K, used 8814K [0x000000076ab00000, 0x0000000770000000, 0x00000007c0000000)
  eden space 65536K, 0% used [0x000000076ab00000,0x000000076ab00000,0x000000076eb00000)
  from space 10752K, 81% used [0x000000076eb00000,0x000000076f39b940,0x000000076f580000)
  to   space 10752K, 0% used [0x000000076f580000,0x000000076f580000,0x0000000770000000)
 ParOldGen       total 175104K, used 16K [0x00000006c0000000, 0x00000006cab00000, 0x000000076ab00000)
  object space 175104K, 0% used [0x00000006c0000000,0x00000006c0004000,0x00000006cab00000)
 Metaspace       used 19503K, capacity 19735K, committed 20096K, reserved 1067008K
  class space    used 1986K, capacity 2050K, committed 2176K, reserved 1048576K
}
Event: 7.492 GC heap before
{Heap before GC invocations=2 (full 0):
 PSYoungGen      total 76288K, used 64629K [0x000000076ab00000, 0x0000000770000000, 0x00000007c0000000)
  eden space 65536K, 85% used [0x000000076ab00000,0x000000076e181c50,0x000000076eb00000)
  from space 10752K, 81% used [0x000000076eb00000,0x000000076f39b940,0x000000076f580000)
  to   space 10752K, 0% used [0x000000076f580000,0x000000076f580000,0x0000000770000000)
 ParOldGen       total 175104K, used 16K [0x00000006c0000000, 0x00000006cab00000, 0x000000076ab00000)
  object space 175104K, 0% used [0x00000006c0000000,0x00000006c0004000,0x00000006cab00000)
 Metaspace       used 20843K, capacity 21095K, committed 21296K, reserved 1069056K
  class space    used 2040K, capacity 2116K, committed 2176K, reserved 1048576K
Event: 7.503 GC heap after
Heap after GC invocations=2 (full 0):
 PSYoungGen      total 76288K, used 10749K [0x000000076ab00000, 0x0000000770000000, 0x00000007c0000000)
  eden space 65536K, 0% used [0x000000076ab00000,0x000000076ab00000,0x000000076eb00000)
  from space 10752K, 99% used [0x000000076f580000,0x000000076ffff5f0,0x0000000770000000)
  to   space 10752K, 0% used [0x000000076eb00000,0x000000076eb00000,0x000000076f580000)
 ParOldGen       total 175104K, used 5559K [0x00000006c0000000, 0x00000006cab00000, 0x000000076ab00000)
  object space 175104K, 3% used [0x00000006c0000000,0x00000006c056dca8,0x00000006cab00000)
 Metaspace       used 20843K, capacity 21095K, committed 21296K, reserved 1069056K
  class space    used 2040K, capacity 2116K, committed 2176K, reserved 1048576K
}
Event: 7.503 GC heap before
{Heap before GC invocations=3 (full 1):
 PSYoungGen      total 76288K, used 10749K [0x000000076ab00000, 0x0000000770000000, 0x00000007c0000000)
  eden space 65536K, 0% used [0x000000076ab00000,0x000000076ab00000,0x000000076eb00000)
  from space 10752K, 99% used [0x000000076f580000,0x000000076ffff5f0,0x0000000770000000)
  to   space 10752K, 0% used [0x000000076eb00000,0x000000076eb00000,0x000000076f580000)
 ParOldGen       total 175104K, used 5559K [0x00000006c0000000, 0x00000006cab00000, 0x000000076ab00000)
  object space 175104K, 3% used [0x00000006c0000000,0x00000006c056dca8,0x00000006cab00000)
 Metaspace       used 20843K, capacity 21095K, committed 21296K, reserved 1069056K
  class space    used 2040K, capacity 2116K, committed 2176K, reserved 1048576K
Event: 7.542 GC heap after
Heap after GC invocations=3 (full 1):
 PSYoungGen      total 76288K, used 0K [0x000000076ab00000, 0x0000000770000000, 0x00000007c0000000)
  eden space 65536K, 0% used [0x000000076ab00000,0x000000076ab00000,0x000000076eb00000)
  from space 10752K, 0% used [0x000000076f580000,0x000000076f580000,0x0000000770000000)
  to   space 10752K, 0% used [0x000000076eb00000,0x000000076eb00000,0x000000076f580000)
 ParOldGen       total 89088K, used 16217K [0x00000006c0000000, 0x00000006c5700000, 0x000000076ab00000)
  object space 89088K, 18% used [0x00000006c0000000,0x00000006c0fd64f0,0x00000006c5700000)
 Metaspace       used 20843K, capacity 21095K, committed 21296K, reserved 1069056K
  class space    used 2040K, capacity 2116K, committed 2176K, reserved 1048576K
}

