# JRE version: Java(TM) SE Runtime Environment (8.0_65-b17) (build 1.8.0_65-b17)
# Java VM: Java HotSpot(TM) 64-Bit Server VM (25.65-b01 mixed mode bsd-amd64 compressed oops)
Heap:
 PSYoungGen      total 57856K, used 13069K [0x000000076ab00000, 0x000000076fd00000, 0x00000007c0000000)
  eden space 57344K, 22% used [0x000000076ab00000,0x000000076b77b7a0,0x000000076e300000)
  from space 512K, 56% used [0x000000076e400000,0x000000076e448000,0x000000076e480000)
  to   space 13312K, 0% used [0x000000076f000000,0x000000076f000000,0x000000076fd00000)
 ParOldGen       total 87040K, used 15391K [0x00000006c0000000, 0x00000006c5500000, 0x000000076ab00000)
  object space 87040K, 17% used [0x00000006c0000000,0x00000006c0f07c20,0x00000006c5500000)
 Metaspace       used 21115K, capacity 21351K, committed 21552K, reserved 1069056K
  class space    used 2060K, capacity 2116K, committed 2176K, reserved 1048576K
GC Heap History (10 events):
Event: 78.397 GC heap before
{Heap before GC invocations=8 (full 1):
 PSYoungGen      total 77312K, used 62720K [0x000000076ab00000, 0x0000000770a00000, 0x00000007c0000000)
  eden space 62464K, 100% used [0x000000076ab00000,0x000000076e800000,0x000000076e800000)
  from space 14848K, 1% used [0x000000076fb80000,0x000000076fbc0000,0x0000000770a00000)
  to   space 17408K, 0% used [0x000000076e800000,0x000000076e800000,0x000000076f900000)
 ParOldGen       total 87040K, used 15351K [0x00000006c0000000, 0x00000006c5500000, 0x000000076ab00000)
  object space 87040K, 17% used [0x00000006c0000000,0x00000006c0efdc20,0x00000006c5500000)
 Metaspace       used 21013K, capacity 21287K, committed 21552K, reserved 1069056K
  class space    used 2038K, capacity 2116K, committed 2176K, reserved 1048576K
Event: 78.399 GC heap after
Heap after GC invocations=8 (full 1):
 PSYoungGen      total 61952K, used 224K [0x000000076ab00000, 0x0000000770700000, 0x00000007c0000000)
  eden space 61440K, 0% used [0x000000076ab00000,0x000000076ab00000,0x000000076e700000)
  from space 512K, 43% used [0x000000076e800000,0x000000076e838000,0x000000076e880000)
  to   space 16384K, 0% used [0x000000076f700000,0x000000076f700000,0x0000000770700000)
 ParOldGen       total 87040K, used 15359K [0x00000006c0000000, 0x00000006c5500000, 0x000000076ab00000)
  object space 87040K, 17% used [0x00000006c0000000,0x00000006c0effc20,0x00000006c5500000)
 Metaspace       used 21013K, capacity 21287K, committed 21552K, reserved 1069056K
  class space    used 2038K, capacity 2116K, committed 2176K, reserved 1048576K
}
Event: 91.949 GC heap before
{Heap before GC invocations=9 (full 1):
 PSYoungGen      total 61952K, used 61664K [0x000000076ab00000, 0x0000000770700000, 0x00000007c0000000)
  eden space 61440K, 100% used [0x000000076ab00000,0x000000076e700000,0x000000076e700000)
  from space 512K, 43% used [0x000000076e800000,0x000000076e838000,0x000000076e880000)
  to   space 16384K, 0% used [0x000000076f700000,0x000000076f700000,0x0000000770700000)
 ParOldGen       total 87040K, used 15359K [0x00000006c0000000, 0x00000006c5500000, 0x000000076ab00000)
  object space 87040K, 17% used [0x00000006c0000000,0x00000006c0effc20,0x00000006c5500000)
 Metaspace       used 21013K, capacity 21287K, committed 21552K, reserved 1069056K
  class space    used 2038K, capacity 2116K, committed 2176K, reserved 1048576K
Event: 91.951 GC heap after
Heap after GC invocations=9 (full 1):
 PSYoungGen      total 74752K, used 224K [0x000000076ab00000, 0x0000000770500000, 0x00000007c0000000)
  eden space 60416K, 0% used [0x000000076ab00000,0x000000076ab00000,0x000000076e600000)
  from space 14336K, 1% used [0x000000076f700000,0x000000076f738000,0x0000000770500000)
  to   space 15872K, 0% used [0x000000076e600000,0x000000076e600000,0x000000076f580000)
 ParOldGen       total 87040K, used 15367K [0x00000006c0000000, 0x00000006c5500000, 0x000000076ab00000)
  object space 87040K, 17% used [0x00000006c0000000,0x00000006c0f01c20,0x00000006c5500000)
 Metaspace       used 21013K, capacity 21287K, committed 21552K, reserved 1069056K
  class space    used 2038K, capacity 2116K, committed 2176K, reserved 1048576K
}
Event: 105.652 GC heap before
{Heap before GC invocations=10 (full 1):
 PSYoungGen      total 74752K, used 60640K [0x000000076ab00000, 0x0000000770500000, 0x00000007c0000000)
  eden space 60416K, 100% used [0x000000076ab00000,0x000000076e600000,0x000000076e600000)
  from space 14336K, 1% used [0x000000076f700000,0x000000076f738000,0x0000000770500000)
  to   space 15872K, 0% used [0x000000076e600000,0x000000076e600000,0x000000076f580000)
 ParOldGen       total 87040K, used 15367K [0x00000006c0000000, 0x00000006c5500000, 0x000000076ab00000)
  object space 87040K, 17% used [0x00000006c0000000,0x00000006c0f01c20,0x00000006c5500000)
 Metaspace       used 21013K, capacity 21287K, committed 21552K, reserved 1069056K
  class space    used 2038K, capacity 2116K, committed 2176K, reserved 1048576K
Event: 105.653 GC heap after
Heap after GC invocations=10 (full 1):
 PSYoungGen      total 59904K, used 224K [0x000000076ab00000, 0x0000000770200000, 0x00000007c0000000)
  eden space 59392K, 0% used [0x000000076ab00000,0x000000076ab00000,0x000000076e500000)
  from space 512K, 43% used [0x000000076e600000,0x000000076e638000,0x000000076e680000)
  to   space 14848K, 0% used [0x000000076f380000,0x000000076f380000,0x0000000770200000)
 ParOldGen       total 87040K, used 15375K [0x00000006c0000000, 0x00000006c5500000, 0x000000076ab00000)
  object space 87040K, 17% used [0x00000006c0000000,0x00000006c0f03c20,0x00000006c5500000)
 Metaspace       used 21013K, capacity 21287K, committed 21552K, reserved 1069056K
  class space    used 2038K, capacity 2116K, committed 2176K, reserved 1048576K
}
Event: 119.136 GC heap before
{Heap before GC invocations=11 (full 1):
 PSYoungGen      total 59904K, used 59616K [0x000000076ab00000, 0x0000000770200000, 0x00000007c0000000)
  eden space 59392K, 100% used [0x000000076ab00000,0x000000076e500000,0x000000076e500000)
  from space 512K, 43% used [0x000000076e600000,0x000000076e638000,0x000000076e680000)
  to   space 14848K, 0% used [0x000000076f380000,0x000000076f380000,0x0000000770200000)
 ParOldGen       total 87040K, used 15375K [0x00000006c0000000, 0x00000006c5500000, 0x000000076ab00000)
  object space 87040K, 17% used [0x00000006c0000000,0x00000006c0f03c20,0x00000006c5500000)
 Metaspace       used 21014K, capacity 21287K, committed 21552K, reserved 1069056K
  class space    used 2039K, capacity 2116K, committed 2176K, reserved 1048576K
Event: 119.137 GC heap after
Heap after GC invocations=11 (full 1):
 PSYoungGen      total 71168K, used 160K [0x000000076ab00000, 0x0000000770000000, 0x00000007c0000000)
  eden space 58368K, 0% used [0x000000076ab00000,0x000000076ab00000,0x000000076e400000)
  from space 12800K, 1% used [0x000000076f380000,0x000000076f3a8000,0x0000000770000000)
  to   space 14336K, 0% used [0x000000076e400000,0x000000076e400000,0x000000076f200000)
 ParOldGen       total 87040K, used 15383K [0x00000006c0000000, 0x00000006c5500000, 0x000000076ab00000)
  object space 87040K, 17% used [0x00000006c0000000,0x00000006c0f05c20,0x00000006c5500000)
 Metaspace       used 21014K, capacity 21287K, committed 21552K, reserved 1069056K
  class space    used 2039K, capacity 2116K, committed 2176K, reserved 1048576K
}
Event: 132.172 GC heap before
{Heap before GC invocations=12 (full 1):
 PSYoungGen      total 71168K, used 58528K [0x000000076ab00000, 0x0000000770000000, 0x00000007c0000000)
  eden space 58368K, 100% used [0x000000076ab00000,0x000000076e400000,0x000000076e400000)
  from space 12800K, 1% used [0x000000076f380000,0x000000076f3a8000,0x0000000770000000)
  to   space 14336K, 0% used [0x000000076e400000,0x000000076e400000,0x000000076f200000)
 ParOldGen       total 87040K, used 15383K [0x00000006c0000000, 0x00000006c5500000, 0x000000076ab00000)
  object space 87040K, 17% used [0x00000006c0000000,0x00000006c0f05c20,0x00000006c5500000)
 Metaspace       used 21072K, capacity 21351K, committed 21552K, reserved 1069056K
  class space    used 2052K, capacity 2116K, committed 2176K, reserved 1048576K
Event: 132.174 GC heap after
Heap after GC invocations=12 (full 1):
 PSYoungGen      total 57856K, used 288K [0x000000076ab00000, 0x000000076fd00000, 0x00000007c0000000)
  eden space 57344K, 0% used [0x000000076ab00000,0x000000076ab00000,0x000000076e300000)
  from space 512K, 56% used [0x000000076e400000,0x000000076e448000,0x000000076e480000)
  to   space 13312K, 0% used [0x000000076f000000,0x000000076f000000,0x000000076fd00000)
 ParOldGen       total 87040K, used 15391K [0x00000006c0000000, 0x00000006c5500000, 0x000000076ab00000)
  object space 87040K, 17% used [0x00000006c0000000,0x00000006c0f07c20,0x00000006c5500000)
 Metaspace       used 21072K, capacity 21351K, committed 21552K, reserved 1069056K
  class space    used 2052K, capacity 2116K, committed 2176K, reserved 1048576K
}

