# JRE version: Java(TM) SE Runtime Environment (8.0_65-b17) (build 1.8.0_65-b17)
# Java VM: Java HotSpot(TM) 64-Bit Server VM (25.65-b01 mixed mode bsd-amd64 compressed oops)
Heap:
 PSYoungGen      total 82944K, used 54113K [0x000000076ab00000, 0x0000000773e00000, 0x00000007c0000000)
  eden space 59904K, 51% used [0x000000076ab00000,0x000000076c95beb8,0x000000076e580000)
  from space 23040K, 99% used [0x0000000770000000,0x000000077167c5d0,0x0000000771680000)
  to   space 27136K, 0% used [0x000000076e580000,0x000000076e580000,0x0000000770000000)
 ParOldGen       total 88576K, used 39059K [0x00000006c0000000, 0x00000006c5680000, 0x000000076ab00000)
  object space 88576K, 44% used [0x00000006c0000000,0x00000006c2624e38,0x00000006c5680000)
 Metaspace       used 21326K, capacity 21607K, committed 21808K, reserved 1069056K
  class space    used 2049K, capacity 2116K, committed 2176K, reserved 1048576K
GC Heap History (10 events):
Event: 6.513 GC heap before
{Heap before GC invocations=3 (full 1):
 PSYoungGen      total 76288K, used 10746K [0x000000076ab00000, 0x0000000770000000, 0x00000007c0000000)
  eden space 65536K, 0% used [0x000000076ab00000,0x000000076ab00000,0x000000076eb00000)
  from space 10752K, 99% used [0x000000076f580000,0x000000076fffe8f0,0x0000000770000000)
  to   space 10752K, 0% used [0x000000076eb00000,0x000000076eb00000,0x000000076f580000)
 ParOldGen       total 175104K, used 5555K [0x00000006c0000000, 0x00000006cab00000, 0x000000076ab00000)
  object space 175104K, 3% used [0x00000006c0000000,0x00000006c056cdb8,0x00000006cab00000)
 Metaspace       used 20877K, capacity 21089K, committed 21296K, reserved 1069056K
  class space    used 2039K, capacity 2115K, committed 2176K, reserved 1048576K
Event: 6.546 GC heap after
Heap after GC invocations=3 (full 1):
 PSYoungGen      total 76288K, used 0K [0x000000076ab00000, 0x0000000770000000, 0x00000007c0000000)
  eden space 65536K, 0% used [0x000000076ab00000,0x000000076ab00000,0x000000076eb00000)
  from space 10752K, 0% used [0x000000076f580000,0x000000076f580000,0x0000000770000000)
  to   space 10752K, 0% used [0x000000076eb00000,0x000000076eb00000,0x000000076f580000)
 ParOldGen       total 88576K, used 16210K [0x00000006c0000000, 0x00000006c5680000, 0x000000076ab00000)
  object space 88576K, 18% used [0x00000006c0000000,0x00000006c0fd48a8,0x00000006c5680000)
 Metaspace       used 20877K, capacity 21089K, committed 21296K, reserved 1069056K
  class space    used 2039K, capacity 2115K, committed 2176K, reserved 1048576K
}
Event: 10.881 GC heap before
{Heap before GC invocations=4 (full 1):
 PSYoungGen      total 76288K, used 65536K [0x000000076ab00000, 0x0000000770000000, 0x00000007c0000000)
  eden space 65536K, 100% used [0x000000076ab00000,0x000000076eb00000,0x000000076eb00000)
  from space 10752K, 0% used [0x000000076f580000,0x000000076f580000,0x0000000770000000)
  to   space 10752K, 0% used [0x000000076eb00000,0x000000076eb00000,0x000000076f580000)
 ParOldGen       total 88576K, used 16210K [0x00000006c0000000, 0x00000006c5680000, 0x000000076ab00000)
  object space 88576K, 18% used [0x00000006c0000000,0x00000006c0fd48a8,0x00000006c5680000)
 Metaspace       used 21058K, capacity 21287K, committed 21552K, reserved 1069056K
  class space    used 2040K, capacity 2116K, committed 2176K, reserved 1048576K
Event: 10.884 GC heap after
Heap after GC invocations=4 (full 1):
 PSYoungGen      total 76288K, used 8896K [0x000000076ab00000, 0x0000000770000000, 0x00000007c0000000)
  eden space 65536K, 0% used [0x000000076ab00000,0x000000076ab00000,0x000000076eb00000)
  from space 10752K, 82% used [0x000000076eb00000,0x000000076f3b0230,0x000000076f580000)
  to   space 10752K, 0% used [0x000000076f580000,0x000000076f580000,0x0000000770000000)
 ParOldGen       total 88576K, used 16218K [0x00000006c0000000, 0x00000006c5680000, 0x000000076ab00000)
  object space 88576K, 18% used [0x00000006c0000000,0x00000006c0fd68a8,0x00000006c5680000)
 Metaspace       used 21058K, capacity 21287K, committed 21552K, reserved 1069056K
  class space    used 2040K, capacity 2116K, committed 2176K, reserved 1048576K
}
Event: 12.431 GC heap before
{Heap before GC invocations=5 (full 1):
 PSYoungGen      total 76288K, used 74432K [0x000000076ab00000, 0x0000000770000000, 0x00000007c0000000)
  eden space 65536K, 100% used [0x000000076ab00000,0x000000076eb00000,0x000000076eb00000)
  from space 10752K, 82% used [0x000000076eb00000,0x000000076f3b0230,0x000000076f580000)
  to   space 10752K, 0% used [0x000000076f580000,0x000000076f580000,0x0000000770000000)
 ParOldGen       total 88576K, used 16218K [0x00000006c0000000, 0x00000006c5680000, 0x000000076ab00000)
  object space 88576K, 18% used [0x00000006c0000000,0x00000006c0fd68a8,0x00000006c5680000)
 Metaspace       used 21148K, capacity 21415K, committed 21808K, reserved 1069056K
  class space    used 2040K, capacity 2116K, committed 2176K, reserved 1048576K
Event: 12.438 GC heap after
Heap after GC invocations=5 (full 1):
 PSYoungGen      total 76288K, used 10736K [0x000000076ab00000, 0x0000000770000000, 0x00000007c0000000)
  eden space 65536K, 0% used [0x000000076ab00000,0x000000076ab00000,0x000000076eb00000)
  from space 10752K, 99% used [0x000000076f580000,0x000000076fffc2c0,0x0000000770000000)
  to   space 10752K, 0% used [0x000000076eb00000,0x000000076eb00000,0x000000076f580000)
 ParOldGen       total 88576K, used 26498K [0x00000006c0000000, 0x00000006c5680000, 0x000000076ab00000)
  object space 88576K, 29% used [0x00000006c0000000,0x00000006c19e0b28,0x00000006c5680000)
 Metaspace       used 21148K, capacity 21415K, committed 21808K, reserved 1069056K
  class space    used 2040K, capacity 2116K, committed 2176K, reserved 1048576K
}
Event: 15.381 GC heap before
{Heap before GC invocations=6 (full 1):
 PSYoungGen      total 76288K, used 76272K [0x000000076ab00000, 0x0000000770000000, 0x00000007c0000000)
  eden space 65536K, 100% used [0x000000076ab00000,0x000000076eb00000,0x000000076eb00000)
  from space 10752K, 99% used [0x000000076f580000,0x000000076fffc2c0,0x0000000770000000)
  to   space 10752K, 0% used [0x000000076eb00000,0x000000076eb00000,0x000000076f580000)
 ParOldGen       total 88576K, used 26498K [0x00000006c0000000, 0x00000006c5680000, 0x000000076ab00000)
  object space 88576K, 29% used [0x00000006c0000000,0x00000006c19e0b28,0x00000006c5680000)
 Metaspace       used 21237K, capacity 21479K, committed 21808K, reserved 1069056K
  class space    used 2041K, capacity 2116K, committed 2176K, reserved 1048576K
Event: 15.390 GC heap after
Heap after GC invocations=6 (full 1):
 PSYoungGen      total 74752K, used 10720K [0x000000076ab00000, 0x0000000771680000, 0x00000007c0000000)
  eden space 64000K, 0% used [0x000000076ab00000,0x000000076ab00000,0x000000076e980000)
  from space 10752K, 99% used [0x000000076eb00000,0x000000076f5782a0,0x000000076f580000)
  to   space 23040K, 0% used [0x0000000770000000,0x0000000770000000,0x0000000771680000)
 ParOldGen       total 88576K, used 37003K [0x00000006c0000000, 0x00000006c5680000, 0x000000076ab00000)
  object space 88576K, 41% used [0x00000006c0000000,0x00000006c2422db8,0x00000006c5680000)
 Metaspace       used 21237K, capacity 21479K, committed 21808K, reserved 1069056K
  class space    used 2041K, capacity 2116K, committed 2176K, reserved 1048576K
}
Event: 16.404 GC heap before
{Heap before GC invocations=7 (full 1):
 PSYoungGen      total 74752K, used 74623K [0x000000076ab00000, 0x0000000771680000, 0x00000007c0000000)
  eden space 64000K, 99% used [0x000000076ab00000,0x000000076e967a10,0x000000076e980000)
  from space 10752K, 99% used [0x000000076eb00000,0x000000076f5782a0,0x000000076f580000)
  to   space 23040K, 0% used [0x0000000770000000,0x0000000770000000,0x0000000771680000)
 ParOldGen       total 88576K, used 37259K [0x00000006c0000000, 0x00000006c5680000, 0x000000076ab00000)
  object space 88576K, 42% used [0x00000006c0000000,0x00000006c2462dc8,0x00000006c5680000)
 Metaspace       used 21264K, capacity 21479K, committed 21808K, reserved 1069056K
  class space    used 2041K, capacity 2116K, committed 2176K, reserved 1048576K
Event: 16.416 GC heap after
Heap after GC invocations=7 (full 1):
 PSYoungGen      total 82944K, used 23025K [0x000000076ab00000, 0x0000000773e00000, 0x00000007c0000000)
  eden space 59904K, 0% used [0x000000076ab00000,0x000000076ab00000,0x000000076e580000)
  from space 23040K, 99% used [0x0000000770000000,0x000000077167c5d0,0x0000000771680000)
  to   space 27136K, 0% used [0x000000076e580000,0x000000076e580000,0x0000000770000000)
 ParOldGen       total 88576K, used 39059K [0x00000006c0000000, 0x00000006c5680000, 0x000000076ab00000)
  object space 88576K, 44% used [0x00000006c0000000,0x00000006c2624e38,0x00000006c5680000)
 Metaspace       used 21264K, capacity 21479K, committed 21808K, reserved 1069056K
  class space    used 2041K, capacity 2116K, committed 2176K, reserved 1048576K
}

