# JRE version: Java(TM) SE Runtime Environment (8.0_65-b17) (build 1.8.0_65-b17)
# Java VM: Java HotSpot(TM) 64-Bit Server VM (25.65-b01 mixed mode bsd-amd64 compressed oops)
Heap:
 PSYoungGen      total 76288K, used 4277K [0x000000076ab00000, 0x0000000770000000, 0x00000007c0000000)
  eden space 65536K, 6% used [0x000000076ab00000,0x000000076af2d4d0,0x000000076eb00000)
  from space 10752K, 0% used [0x000000076f580000,0x000000076f580000,0x0000000770000000)
  to   space 10752K, 0% used [0x000000076eb00000,0x000000076eb00000,0x000000076f580000)
 ParOldGen       total 87040K, used 15320K [0x00000006c0000000, 0x00000006c5500000, 0x000000076ab00000)
  object space 87040K, 17% used [0x00000006c0000000,0x00000006c0ef61b8,0x00000006c5500000)
 Metaspace       used 20906K, capacity 21153K, committed 21552K, reserved 1069056K
  class space    used 2047K, capacity 2115K, committed 2176K, reserved 1048576K
GC Heap History (6 events):
Event: 2.114 GC heap before
{Heap before GC invocations=1 (full 0):
 PSYoungGen      total 76288K, used 65536K [0x000000076ab00000, 0x0000000770000000, 0x00000007c0000000)
  eden space 65536K, 100% used [0x000000076ab00000,0x000000076eb00000,0x000000076eb00000)
  from space 10752K, 0% used [0x000000076f580000,0x000000076f580000,0x0000000770000000)
  to   space 10752K, 0% used [0x000000076eb00000,0x000000076eb00000,0x000000076f580000)
 ParOldGen       total 175104K, used 0K [0x00000006c0000000, 0x00000006cab00000, 0x000000076ab00000)
  object space 175104K, 0% used [0x00000006c0000000,0x00000006c0000000,0x00000006cab00000)
 Metaspace       used 19492K, capacity 19735K, committed 20096K, reserved 1067008K
  class space    used 1986K, capacity 2050K, committed 2176K, reserved 1048576K
Event: 2.121 GC heap after
Heap after GC invocations=1 (full 0):
 PSYoungGen      total 76288K, used 8878K [0x000000076ab00000, 0x0000000770000000, 0x00000007c0000000)
  eden space 65536K, 0% used [0x000000076ab00000,0x000000076ab00000,0x000000076eb00000)
  from space 10752K, 82% used [0x000000076eb00000,0x000000076f3aba20,0x000000076f580000)
  to   space 10752K, 0% used [0x000000076f580000,0x000000076f580000,0x0000000770000000)
 ParOldGen       total 175104K, used 80K [0x00000006c0000000, 0x00000006cab00000, 0x000000076ab00000)
  object space 175104K, 0% used [0x00000006c0000000,0x00000006c0014010,0x00000006cab00000)
 Metaspace       used 19492K, capacity 19735K, committed 20096K, reserved 1067008K
  class space    used 1986K, capacity 2050K, committed 2176K, reserved 1048576K
}
Event: 6.942 GC heap before
{Heap before GC invocations=2 (full 0):
 PSYoungGen      total 76288K, used 67703K [0x000000076ab00000, 0x0000000770000000, 0x00000007c0000000)
  eden space 65536K, 89% used [0x000000076ab00000,0x000000076e472430,0x000000076eb00000)
  from space 10752K, 82% used [0x000000076eb00000,0x000000076f3aba20,0x000000076f580000)
  to   space 10752K, 0% used [0x000000076f580000,0x000000076f580000,0x0000000770000000)
 ParOldGen       total 175104K, used 80K [0x00000006c0000000, 0x00000006cab00000, 0x000000076ab00000)
  object space 175104K, 0% used [0x00000006c0000000,0x00000006c0014010,0x00000006cab00000)
 Metaspace       used 20873K, capacity 21089K, committed 21296K, reserved 1069056K
  class space    used 2039K, capacity 2115K, committed 2176K, reserved 1048576K
Event: 6.954 GC heap after
Heap after GC invocations=2 (full 0):
 PSYoungGen      total 76288K, used 10730K [0x000000076ab00000, 0x0000000770000000, 0x00000007c0000000)
  eden space 65536K, 0% used [0x000000076ab00000,0x000000076ab00000,0x000000076eb00000)
  from space 10752K, 99% used [0x000000076f580000,0x000000076fffa8a0,0x0000000770000000)
  to   space 10752K, 0% used [0x000000076eb00000,0x000000076eb00000,0x000000076f580000)
 ParOldGen       total 175104K, used 4711K [0x00000006c0000000, 0x00000006cab00000, 0x000000076ab00000)
  object space 175104K, 2% used [0x00000006c0000000,0x00000006c0499df0,0x00000006cab00000)
 Metaspace       used 20873K, capacity 21089K, committed 21296K, reserved 1069056K
  class space    used 2039K, capacity 2115K, committed 2176K, reserved 1048576K
}
Event: 6.954 GC heap before
{Heap before GC invocations=3 (full 1):
 PSYoungGen      total 76288K, used 10730K [0x000000076ab00000, 0x0000000770000000, 0x00000007c0000000)
  eden space 65536K, 0% used [0x000000076ab00000,0x000000076ab00000,0x000000076eb00000)
  from space 10752K, 99% used [0x000000076f580000,0x000000076fffa8a0,0x0000000770000000)
  to   space 10752K, 0% used [0x000000076eb00000,0x000000076eb00000,0x000000076f580000)
 ParOldGen       total 175104K, used 4711K [0x00000006c0000000, 0x00000006cab00000, 0x000000076ab00000)
  object space 175104K, 2% used [0x00000006c0000000,0x00000006c0499df0,0x00000006cab00000)
 Metaspace       used 20873K, capacity 21089K, committed 21296K, reserved 1069056K
  class space    used 2039K, capacity 2115K, committed 2176K, reserved 1048576K
Event: 6.992 GC heap after
Heap after GC invocations=3 (full 1):
 PSYoungGen      total 76288K, used 0K [0x000000076ab00000, 0x0000000770000000, 0x00000007c0000000)
  eden space 65536K, 0% used [0x000000076ab00000,0x000000076ab00000,0x000000076eb00000)
  from space 10752K, 0% used [0x000000076f580000,0x000000076f580000,0x0000000770000000)
  to   space 10752K, 0% used [0x000000076eb00000,0x000000076eb00000,0x000000076f580000)
 ParOldGen       total 87040K, used 15320K [0x00000006c0000000, 0x00000006c5500000, 0x000000076ab00000)
  object space 87040K, 17% used [0x00000006c0000000,0x00000006c0ef61b8,0x00000006c5500000)
 Metaspace       used 20873K, capacity 21089K, committed 21296K, reserved 1069056K
  class space    used 2039K, capacity 2115K, committed 2176K, reserved 1048576K
}

