# JRE version: Java(TM) SE Runtime Environment (8.0_65-b17) (build 1.8.0_65-b17)
# Java VM: Java HotSpot(TM) 64-Bit Server VM (25.65-b01 mixed mode bsd-amd64 compressed oops)
Heap:
 PSYoungGen      total 61952K, used 16185K [0x000000076ab00000, 0x0000000770700000, 0x00000007c0000000)
  eden space 61440K, 26% used [0x000000076ab00000,0x000000076baae7f0,0x000000076e700000)
  from space 512K, 25% used [0x000000076e800000,0x000000076e820000,0x000000076e880000)
  to   space 16384K, 0% used [0x000000076f700000,0x000000076f700000,0x0000000770700000)
 ParOldGen       total 87040K, used 15363K [0x00000006c0000000, 0x00000006c5500000, 0x000000076ab00000)
  object space 87040K, 17% used [0x00000006c0000000,0x00000006c0f00f38,0x00000006c5500000)
 Metaspace       used 21053K, capacity 21281K, committed 21552K, reserved 1069056K
  class space    used 2046K, capacity 2115K, committed 2176K, reserved 1048576K
GC Heap History (10 events):
Event: 20.706 GC heap before
{Heap before GC invocations=4 (full 1):
 PSYoungGen      total 76288K, used 65536K [0x000000076ab00000, 0x0000000770000000, 0x00000007c0000000)
  eden space 65536K, 100% used [0x000000076ab00000,0x000000076eb00000,0x000000076eb00000)
  from space 10752K, 0% used [0x000000076f580000,0x000000076f580000,0x0000000770000000)
  to   space 10752K, 0% used [0x000000076eb00000,0x000000076eb00000,0x000000076f580000)
 ParOldGen       total 87040K, used 15323K [0x00000006c0000000, 0x00000006c5500000, 0x000000076ab00000)
  object space 87040K, 17% used [0x00000006c0000000,0x00000006c0ef6f38,0x00000006c5500000)
 Metaspace       used 21011K, capacity 21281K, committed 21552K, reserved 1069056K
  class space    used 2038K, capacity 2115K, committed 2176K, reserved 1048576K
Event: 20.708 GC heap after
Heap after GC invocations=4 (full 1):
 PSYoungGen      total 76288K, used 192K [0x000000076ab00000, 0x0000000770000000, 0x00000007c0000000)
  eden space 65536K, 0% used [0x000000076ab00000,0x000000076ab00000,0x000000076eb00000)
  from space 10752K, 1% used [0x000000076eb00000,0x000000076eb30000,0x000000076f580000)
  to   space 10752K, 0% used [0x000000076f580000,0x000000076f580000,0x0000000770000000)
 ParOldGen       total 87040K, used 15331K [0x00000006c0000000, 0x00000006c5500000, 0x000000076ab00000)
  object space 87040K, 17% used [0x00000006c0000000,0x00000006c0ef8f38,0x00000006c5500000)
 Metaspace       used 21011K, capacity 21281K, committed 21552K, reserved 1069056K
  class space    used 2038K, capacity 2115K, committed 2176K, reserved 1048576K
}
Event: 35.474 GC heap before
{Heap before GC invocations=5 (full 1):
 PSYoungGen      total 76288K, used 65728K [0x000000076ab00000, 0x0000000770000000, 0x00000007c0000000)
  eden space 65536K, 100% used [0x000000076ab00000,0x000000076eb00000,0x000000076eb00000)
  from space 10752K, 1% used [0x000000076eb00000,0x000000076eb30000,0x000000076f580000)
  to   space 10752K, 0% used [0x000000076f580000,0x000000076f580000,0x0000000770000000)
 ParOldGen       total 87040K, used 15331K [0x00000006c0000000, 0x00000006c5500000, 0x000000076ab00000)
  object space 87040K, 17% used [0x00000006c0000000,0x00000006c0ef8f38,0x00000006c5500000)
 Metaspace       used 21013K, capacity 21281K, committed 21552K, reserved 1069056K
  class space    used 2038K, capacity 2115K, committed 2176K, reserved 1048576K
Event: 35.475 GC heap after
Heap after GC invocations=5 (full 1):
 PSYoungGen      total 76288K, used 224K [0x000000076ab00000, 0x0000000770000000, 0x00000007c0000000)
  eden space 65536K, 0% used [0x000000076ab00000,0x000000076ab00000,0x000000076eb00000)
  from space 10752K, 2% used [0x000000076f580000,0x000000076f5b8000,0x0000000770000000)
  to   space 10752K, 0% used [0x000000076eb00000,0x000000076eb00000,0x000000076f580000)
 ParOldGen       total 87040K, used 15339K [0x00000006c0000000, 0x00000006c5500000, 0x000000076ab00000)
  object space 87040K, 17% used [0x00000006c0000000,0x00000006c0efaf38,0x00000006c5500000)
 Metaspace       used 21013K, capacity 21281K, committed 21552K, reserved 1069056K
  class space    used 2038K, capacity 2115K, committed 2176K, reserved 1048576K
}
Event: 50.244 GC heap before
{Heap before GC invocations=6 (full 1):
 PSYoungGen      total 76288K, used 65760K [0x000000076ab00000, 0x0000000770000000, 0x00000007c0000000)
  eden space 65536K, 100% used [0x000000076ab00000,0x000000076eb00000,0x000000076eb00000)
  from space 10752K, 2% used [0x000000076f580000,0x000000076f5b8000,0x0000000770000000)
  to   space 10752K, 0% used [0x000000076eb00000,0x000000076eb00000,0x000000076f580000)
 ParOldGen       total 87040K, used 15339K [0x00000006c0000000, 0x00000006c5500000, 0x000000076ab00000)
  object space 87040K, 17% used [0x00000006c0000000,0x00000006c0efaf38,0x00000006c5500000)
 Metaspace       used 21013K, capacity 21281K, committed 21552K, reserved 1069056K
  class space    used 2039K, capacity 2115K, committed 2176K, reserved 1048576K
Event: 50.245 GC heap after
Heap after GC invocations=6 (full 1):
 PSYoungGen      total 74752K, used 224K [0x000000076ab00000, 0x0000000770d80000, 0x00000007c0000000)
  eden space 64000K, 0% used [0x000000076ab00000,0x000000076ab00000,0x000000076e980000)
  from space 10752K, 2% used [0x000000076eb00000,0x000000076eb38000,0x000000076f580000)
  to   space 18432K, 0% used [0x000000076fb80000,0x000000076fb80000,0x0000000770d80000)
 ParOldGen       total 87040K, used 15347K [0x00000006c0000000, 0x00000006c5500000, 0x000000076ab00000)
  object space 87040K, 17% used [0x00000006c0000000,0x00000006c0efcf38,0x00000006c5500000)
 Metaspace       used 21013K, capacity 21281K, committed 21552K, reserved 1069056K
  class space    used 2039K, capacity 2115K, committed 2176K, reserved 1048576K
}
Event: 64.730 GC heap before
{Heap before GC invocations=7 (full 1):
 PSYoungGen      total 74752K, used 64224K [0x000000076ab00000, 0x0000000770d80000, 0x00000007c0000000)
  eden space 64000K, 100% used [0x000000076ab00000,0x000000076e980000,0x000000076e980000)
  from space 10752K, 2% used [0x000000076eb00000,0x000000076eb38000,0x000000076f580000)
  to   space 18432K, 0% used [0x000000076fb80000,0x000000076fb80000,0x0000000770d80000)
 ParOldGen       total 87040K, used 15347K [0x00000006c0000000, 0x00000006c5500000, 0x000000076ab00000)
  object space 87040K, 17% used [0x00000006c0000000,0x00000006c0efcf38,0x00000006c5500000)
 Metaspace       used 21013K, capacity 21281K, committed 21552K, reserved 1069056K
  class space    used 2039K, capacity 2115K, committed 2176K, reserved 1048576K
Event: 64.731 GC heap after
Heap after GC invocations=7 (full 1):
 PSYoungGen      total 77312K, used 256K [0x000000076ab00000, 0x0000000770a00000, 0x00000007c0000000)
  eden space 62464K, 0% used [0x000000076ab00000,0x000000076ab00000,0x000000076e800000)
  from space 14848K, 1% used [0x000000076fb80000,0x000000076fbc0000,0x0000000770a00000)
  to   space 17408K, 0% used [0x000000076e800000,0x000000076e800000,0x000000076f900000)
 ParOldGen       total 87040K, used 15355K [0x00000006c0000000, 0x00000006c5500000, 0x000000076ab00000)
  object space 87040K, 17% used [0x00000006c0000000,0x00000006c0efef38,0x00000006c5500000)
 Metaspace       used 21013K, capacity 21281K, committed 21552K, reserved 1069056K
  class space    used 2039K, capacity 2115K, committed 2176K, reserved 1048576K
}
Event: 78.864 GC heap before
{Heap before GC invocations=8 (full 1):
 PSYoungGen      total 77312K, used 62720K [0x000000076ab00000, 0x0000000770a00000, 0x00000007c0000000)
  eden space 62464K, 100% used [0x000000076ab00000,0x000000076e800000,0x000000076e800000)
  from space 14848K, 1% used [0x000000076fb80000,0x000000076fbc0000,0x0000000770a00000)
  to   space 17408K, 0% used [0x000000076e800000,0x000000076e800000,0x000000076f900000)
 ParOldGen       total 87040K, used 15355K [0x00000006c0000000, 0x00000006c5500000, 0x000000076ab00000)
  object space 87040K, 17% used [0x00000006c0000000,0x00000006c0efef38,0x00000006c5500000)
 Metaspace       used 21013K, capacity 21281K, committed 21552K, reserved 1069056K
  class space    used 2039K, capacity 2115K, committed 2176K, reserved 1048576K
Event: 78.866 GC heap after
Heap after GC invocations=8 (full 1):
 PSYoungGen      total 61952K, used 128K [0x000000076ab00000, 0x0000000770700000, 0x00000007c0000000)
  eden space 61440K, 0% used [0x000000076ab00000,0x000000076ab00000,0x000000076e700000)
  from space 512K, 25% used [0x000000076e800000,0x000000076e820000,0x000000076e880000)
  to   space 16384K, 0% used [0x000000076f700000,0x000000076f700000,0x0000000770700000)
 ParOldGen       total 87040K, used 15363K [0x00000006c0000000, 0x00000006c5500000, 0x000000076ab00000)
  object space 87040K, 17% used [0x00000006c0000000,0x00000006c0f00f38,0x00000006c5500000)
 Metaspace       used 21013K, capacity 21281K, committed 21552K, reserved 1069056K
  class space    used 2039K, capacity 2115K, committed 2176K, reserved 1048576K
}

