# JRE version: Java(TM) SE Runtime Environment (8.0_65-b17) (build 1.8.0_65-b17)
# Java VM: Java HotSpot(TM) 64-Bit Server VM (25.65-b01 mixed mode bsd-amd64 compressed oops)
Heap:
 PSYoungGen      total 89600K, used 1817K [0x000000076ab00000, 0x0000000772100000, 0x00000007c0000000)
  eden space 62464K, 2% used [0x000000076ab00000,0x000000076acc64a8,0x000000076e800000)
  from space 27136K, 0% used [0x0000000770680000,0x0000000770680000,0x0000000772100000)
  to   space 29184K, 0% used [0x000000076e800000,0x000000076e800000,0x0000000770480000)
 ParOldGen       total 150016K, used 65901K [0x00000006c0000000, 0x00000006c9280000, 0x000000076ab00000)
  object space 150016K, 43% used [0x00000006c0000000,0x00000006c405b628,0x00000006c9280000)
 Metaspace       used 20948K, capacity 21175K, committed 21552K, reserved 1069056K
  class space    used 2012K, capacity 2082K, committed 2176K, reserved 1048576K
GC Heap History (10 events):
Event: 7.277 GC heap before
{Heap before GC invocations=3 (full 0):
 PSYoungGen      total 76288K, used 76136K [0x000000076ab00000, 0x0000000770000000, 0x00000007c0000000)
  eden space 65536K, 99% used [0x000000076ab00000,0x000000076eadcd08,0x000000076eb00000)
  from space 10752K, 99% used [0x000000076f580000,0x000000076fffd5c0,0x0000000770000000)
  to   space 10752K, 0% used [0x000000076eb00000,0x000000076eb00000,0x000000076f580000)
 ParOldGen       total 175104K, used 13476K [0x00000006c0000000, 0x00000006cab00000, 0x000000076ab00000)
  object space 175104K, 7% used [0x00000006c0000000,0x00000006c0d29178,0x00000006cab00000)
 Metaspace       used 20544K, capacity 20791K, committed 21120K, reserved 1069056K
  class space    used 2005K, capacity 2082K, committed 2176K, reserved 1048576K
Event: 7.285 GC heap after
Heap after GC invocations=3 (full 0):
 PSYoungGen      total 76288K, used 10741K [0x000000076ab00000, 0x0000000770000000, 0x00000007c0000000)
  eden space 65536K, 0% used [0x000000076ab00000,0x000000076ab00000,0x000000076eb00000)
  from space 10752K, 99% used [0x000000076eb00000,0x000000076f57d5a0,0x000000076f580000)
  to   space 10752K, 0% used [0x000000076f580000,0x000000076f580000,0x0000000770000000)
 ParOldGen       total 175104K, used 25229K [0x00000006c0000000, 0x00000006cab00000, 0x000000076ab00000)
  object space 175104K, 14% used [0x00000006c0000000,0x00000006c18a3458,0x00000006cab00000)
 Metaspace       used 20544K, capacity 20791K, committed 21120K, reserved 1069056K
  class space    used 2005K, capacity 2082K, committed 2176K, reserved 1048576K
}
Event: 9.142 GC heap before
{Heap before GC invocations=4 (full 0):
 PSYoungGen      total 76288K, used 76277K [0x000000076ab00000, 0x0000000770000000, 0x00000007c0000000)
  eden space 65536K, 100% used [0x000000076ab00000,0x000000076eb00000,0x000000076eb00000)
  from space 10752K, 99% used [0x000000076eb00000,0x000000076f57d5a0,0x000000076f580000)
  to   space 10752K, 0% used [0x000000076f580000,0x000000076f580000,0x0000000770000000)
 ParOldGen       total 175104K, used 25229K [0x00000006c0000000, 0x00000006cab00000, 0x000000076ab00000)
  object space 175104K, 14% used [0x00000006c0000000,0x00000006c18a3458,0x00000006cab00000)
 Metaspace       used 20722K, capacity 20983K, committed 21120K, reserved 1069056K
  class space    used 2005K, capacity 2082K, committed 2176K, reserved 1048576K
Event: 9.153 GC heap after
Heap after GC invocations=4 (full 0):
 PSYoungGen      total 76288K, used 10725K [0x000000076ab00000, 0x0000000770000000, 0x00000007c0000000)
  eden space 65536K, 0% used [0x000000076ab00000,0x000000076ab00000,0x000000076eb00000)
  from space 10752K, 99% used [0x000000076f580000,0x000000076fff95e0,0x0000000770000000)
  to   space 10752K, 0% used [0x000000076eb00000,0x000000076eb00000,0x000000076f580000)
 ParOldGen       total 175104K, used 38125K [0x00000006c0000000, 0x00000006cab00000, 0x000000076ab00000)
  object space 175104K, 21% used [0x00000006c0000000,0x00000006c253b778,0x00000006cab00000)
 Metaspace       used 20722K, capacity 20983K, committed 21120K, reserved 1069056K
  class space    used 2005K, capacity 2082K, committed 2176K, reserved 1048576K
}
Event: 10.641 GC heap before
{Heap before GC invocations=5 (full 0):
 PSYoungGen      total 76288K, used 76239K [0x000000076ab00000, 0x0000000770000000, 0x00000007c0000000)
  eden space 65536K, 99% used [0x000000076ab00000,0x000000076eafa708,0x000000076eb00000)
  from space 10752K, 99% used [0x000000076f580000,0x000000076fff95e0,0x0000000770000000)
  to   space 10752K, 0% used [0x000000076eb00000,0x000000076eb00000,0x000000076f580000)
 ParOldGen       total 175104K, used 38125K [0x00000006c0000000, 0x00000006cab00000, 0x000000076ab00000)
  object space 175104K, 21% used [0x00000006c0000000,0x00000006c253b778,0x00000006cab00000)
 Metaspace       used 20740K, capacity 20983K, committed 21120K, reserved 1069056K
  class space    used 2005K, capacity 2082K, committed 2176K, reserved 1048576K
Event: 10.651 GC heap after
Heap after GC invocations=5 (full 0):
 PSYoungGen      total 74752K, used 10741K [0x000000076ab00000, 0x0000000772380000, 0x00000007c0000000)
  eden space 64000K, 0% used [0x000000076ab00000,0x000000076ab00000,0x000000076e980000)
  from space 10752K, 99% used [0x000000076eb00000,0x000000076f57d5c0,0x000000076f580000)
  to   space 29696K, 0% used [0x0000000770680000,0x0000000770680000,0x0000000772380000)
 ParOldGen       total 175104K, used 51862K [0x00000006c0000000, 0x00000006cab00000, 0x000000076ab00000)
  object space 175104K, 29% used [0x00000006c0000000,0x00000006c32a58d8,0x00000006cab00000)
 Metaspace       used 20740K, capacity 20983K, committed 21120K, reserved 1069056K
  class space    used 2005K, capacity 2082K, committed 2176K, reserved 1048576K
}
Event: 13.194 GC heap before
{Heap before GC invocations=6 (full 0):
 PSYoungGen      total 74752K, used 55562K [0x000000076ab00000, 0x0000000772380000, 0x00000007c0000000)
  eden space 64000K, 70% used [0x000000076ab00000,0x000000076d6c5248,0x000000076e980000)
  from space 10752K, 99% used [0x000000076eb00000,0x000000076f57d5c0,0x000000076f580000)
  to   space 29696K, 0% used [0x0000000770680000,0x0000000770680000,0x0000000772380000)
 ParOldGen       total 175104K, used 51862K [0x00000006c0000000, 0x00000006cab00000, 0x000000076ab00000)
  object space 175104K, 29% used [0x00000006c0000000,0x00000006c32a58d8,0x00000006cab00000)
 Metaspace       used 20906K, capacity 21111K, committed 21296K, reserved 1069056K
  class space    used 2007K, capacity 2082K, committed 2176K, reserved 1048576K
Event: 13.204 GC heap after
Heap after GC invocations=6 (full 0):
 PSYoungGen      total 89600K, used 17541K [0x000000076ab00000, 0x0000000772100000, 0x00000007c0000000)
  eden space 62464K, 0% used [0x000000076ab00000,0x000000076ab00000,0x000000076e800000)
  from space 27136K, 64% used [0x0000000770680000,0x00000007717a1770,0x0000000772100000)
  to   space 29184K, 0% used [0x000000076e800000,0x000000076e800000,0x0000000770480000)
 ParOldGen       total 175104K, used 51870K [0x00000006c0000000, 0x00000006cab00000, 0x000000076ab00000)
  object space 175104K, 29% used [0x00000006c0000000,0x00000006c32a78d8,0x00000006cab00000)
 Metaspace       used 20906K, capacity 21111K, committed 21296K, reserved 1069056K
  class space    used 2007K, capacity 2082K, committed 2176K, reserved 1048576K
}
Event: 13.204 GC heap before
{Heap before GC invocations=7 (full 1):
 PSYoungGen      total 89600K, used 17541K [0x000000076ab00000, 0x0000000772100000, 0x00000007c0000000)
  eden space 62464K, 0% used [0x000000076ab00000,0x000000076ab00000,0x000000076e800000)
  from space 27136K, 64% used [0x0000000770680000,0x00000007717a1770,0x0000000772100000)
  to   space 29184K, 0% used [0x000000076e800000,0x000000076e800000,0x0000000770480000)
 ParOldGen       total 175104K, used 51870K [0x00000006c0000000, 0x00000006cab00000, 0x000000076ab00000)
  object space 175104K, 29% used [0x00000006c0000000,0x00000006c32a78d8,0x00000006cab00000)
 Metaspace       used 20906K, capacity 21111K, committed 21296K, reserved 1069056K
  class space    used 2007K, capacity 2082K, committed 2176K, reserved 1048576K
Event: 13.236 GC heap after
Heap after GC invocations=7 (full 1):
 PSYoungGen      total 89600K, used 0K [0x000000076ab00000, 0x0000000772100000, 0x00000007c0000000)
  eden space 62464K, 0% used [0x000000076ab00000,0x000000076ab00000,0x000000076e800000)
  from space 27136K, 0% used [0x0000000770680000,0x0000000770680000,0x0000000772100000)
  to   space 29184K, 0% used [0x000000076e800000,0x000000076e800000,0x0000000770480000)
 ParOldGen       total 150016K, used 65901K [0x00000006c0000000, 0x00000006c9280000, 0x000000076ab00000)
  object space 150016K, 43% used [0x00000006c0000000,0x00000006c405b628,0x00000006c9280000)
 Metaspace       used 20906K, capacity 21111K, committed 21296K, reserved 1069056K
  class space    used 2007K, capacity 2082K, committed 2176K, reserved 1048576K
}

