# JRE version: Java(TM) SE Runtime Environment (8.0_65-b17) (build 1.8.0_65-b17)
# Java VM: Java HotSpot(TM) 64-Bit Server VM (25.65-b01 mixed mode bsd-amd64 compressed oops)
Heap:
 PSYoungGen      total 31744K, used 10567K [0x000000076ab00000, 0x000000076cb00000, 0x00000007c0000000)
  eden space 31232K, 33% used [0x000000076ab00000,0x000000076b531ee8,0x000000076c980000)
  from space 512K, 25% used [0x000000076ca80000,0x000000076caa0000,0x000000076cb00000)
  to   space 512K, 0% used [0x000000076ca00000,0x000000076ca00000,0x000000076ca80000)
 ParOldGen       total 175104K, used 16972K [0x00000006c0000000, 0x00000006cab00000, 0x000000076ab00000)
  object space 175104K, 9% used [0x00000006c0000000,0x00000006c10933b0,0x00000006cab00000)
 Metaspace       used 20635K, capacity 20855K, committed 21120K, reserved 1069056K
  class space    used 2012K, capacity 2082K, committed 2176K, reserved 1048576K
GC Heap History (10 events):
Event: 2029.325 GC heap before
{Heap before GC invocations=142 (full 0):
 PSYoungGen      total 31744K, used 31424K [0x000000076ab00000, 0x000000076cb00000, 0x00000007c0000000)
  eden space 31232K, 100% used [0x000000076ab00000,0x000000076c980000,0x000000076c980000)
  from space 512K, 37% used [0x000000076ca00000,0x000000076ca30000,0x000000076ca80000)
  to   space 512K, 0% used [0x000000076ca80000,0x000000076ca80000,0x000000076cb00000)
 ParOldGen       total 175104K, used 16972K [0x00000006c0000000, 0x00000006cab00000, 0x000000076ab00000)
  object space 175104K, 9% used [0x00000006c0000000,0x00000006c10933b0,0x00000006cab00000)
 Metaspace       used 20596K, capacity 20855K, committed 21120K, reserved 1069056K
  class space    used 2004K, capacity 2082K, committed 2176K, reserved 1048576K
Event: 2029.326 GC heap after
Heap after GC invocations=142 (full 0):
 PSYoungGen      total 31744K, used 224K [0x000000076ab00000, 0x000000076cb00000, 0x00000007c0000000)
  eden space 31232K, 0% used [0x000000076ab00000,0x000000076ab00000,0x000000076c980000)
  from space 512K, 43% used [0x000000076ca80000,0x000000076cab8000,0x000000076cb00000)
  to   space 512K, 0% used [0x000000076ca00000,0x000000076ca00000,0x000000076ca80000)
 ParOldGen       total 175104K, used 16972K [0x00000006c0000000, 0x00000006cab00000, 0x000000076ab00000)
  object space 175104K, 9% used [0x00000006c0000000,0x00000006c10933b0,0x00000006cab00000)
 Metaspace       used 20596K, capacity 20855K, committed 21120K, reserved 1069056K
  class space    used 2004K, capacity 2082K, committed 2176K, reserved 1048576K
}
Event: 2041.527 GC heap before
{Heap before GC invocations=143 (full 0):
 PSYoungGen      total 31744K, used 31456K [0x000000076ab00000, 0x000000076cb00000, 0x00000007c0000000)
  eden space 31232K, 100% used [0x000000076ab00000,0x000000076c980000,0x000000076c980000)
  from space 512K, 43% used [0x000000076ca80000,0x000000076cab8000,0x000000076cb00000)
  to   space 512K, 0% used [0x000000076ca00000,0x000000076ca00000,0x000000076ca80000)
 ParOldGen       total 175104K, used 16972K [0x00000006c0000000, 0x00000006cab00000, 0x000000076ab00000)
  object space 175104K, 9% used [0x00000006c0000000,0x00000006c10933b0,0x00000006cab00000)
 Metaspace       used 20596K, capacity 20855K, committed 21120K, reserved 1069056K
  class space    used 2004K, capacity 2082K, committed 2176K, reserved 1048576K
Event: 2041.528 GC heap after
Heap after GC invocations=143 (full 0):
 PSYoungGen      total 31744K, used 192K [0x000000076ab00000, 0x000000076cb00000, 0x00000007c0000000)
  eden space 31232K, 0% used [0x000000076ab00000,0x000000076ab00000,0x000000076c980000)
  from space 512K, 37% used [0x000000076ca00000,0x000000076ca30000,0x000000076ca80000)
  to   space 512K, 0% used [0x000000076ca80000,0x000000076ca80000,0x000000076cb00000)
 ParOldGen       total 175104K, used 16972K [0x00000006c0000000, 0x00000006cab00000, 0x000000076ab00000)
  object space 175104K, 9% used [0x00000006c0000000,0x00000006c10933b0,0x00000006cab00000)
 Metaspace       used 20596K, capacity 20855K, committed 21120K, reserved 1069056K
  class space    used 2004K, capacity 2082K, committed 2176K, reserved 1048576K
}
Event: 2053.747 GC heap before
{Heap before GC invocations=144 (full 0):
 PSYoungGen      total 31744K, used 31424K [0x000000076ab00000, 0x000000076cb00000, 0x00000007c0000000)
  eden space 31232K, 100% used [0x000000076ab00000,0x000000076c980000,0x000000076c980000)
  from space 512K, 37% used [0x000000076ca00000,0x000000076ca30000,0x000000076ca80000)
  to   space 512K, 0% used [0x000000076ca80000,0x000000076ca80000,0x000000076cb00000)
 ParOldGen       total 175104K, used 16972K [0x00000006c0000000, 0x00000006cab00000, 0x000000076ab00000)
  object space 175104K, 9% used [0x00000006c0000000,0x00000006c10933b0,0x00000006cab00000)
 Metaspace       used 20596K, capacity 20855K, committed 21120K, reserved 1069056K
  class space    used 2004K, capacity 2082K, committed 2176K, reserved 1048576K
Event: 2053.748 GC heap after
Heap after GC invocations=144 (full 0):
 PSYoungGen      total 31744K, used 160K [0x000000076ab00000, 0x000000076cb00000, 0x00000007c0000000)
  eden space 31232K, 0% used [0x000000076ab00000,0x000000076ab00000,0x000000076c980000)
  from space 512K, 31% used [0x000000076ca80000,0x000000076caa8000,0x000000076cb00000)
  to   space 512K, 0% used [0x000000076ca00000,0x000000076ca00000,0x000000076ca80000)
 ParOldGen       total 175104K, used 16972K [0x00000006c0000000, 0x00000006cab00000, 0x000000076ab00000)
  object space 175104K, 9% used [0x00000006c0000000,0x00000006c10933b0,0x00000006cab00000)
 Metaspace       used 20596K, capacity 20855K, committed 21120K, reserved 1069056K
  class space    used 2004K, capacity 2082K, committed 2176K, reserved 1048576K
}
Event: 2065.966 GC heap before
{Heap before GC invocations=145 (full 0):
 PSYoungGen      total 31744K, used 31392K [0x000000076ab00000, 0x000000076cb00000, 0x00000007c0000000)
  eden space 31232K, 100% used [0x000000076ab00000,0x000000076c980000,0x000000076c980000)
  from space 512K, 31% used [0x000000076ca80000,0x000000076caa8000,0x000000076cb00000)
  to   space 512K, 0% used [0x000000076ca00000,0x000000076ca00000,0x000000076ca80000)
 ParOldGen       total 175104K, used 16972K [0x00000006c0000000, 0x00000006cab00000, 0x000000076ab00000)
  object space 175104K, 9% used [0x00000006c0000000,0x00000006c10933b0,0x00000006cab00000)
 Metaspace       used 20596K, capacity 20855K, committed 21120K, reserved 1069056K
  class space    used 2004K, capacity 2082K, committed 2176K, reserved 1048576K
Event: 2065.967 GC heap after
Heap after GC invocations=145 (full 0):
 PSYoungGen      total 31744K, used 256K [0x000000076ab00000, 0x000000076cb00000, 0x00000007c0000000)
  eden space 31232K, 0% used [0x000000076ab00000,0x000000076ab00000,0x000000076c980000)
  from space 512K, 50% used [0x000000076ca00000,0x000000076ca40000,0x000000076ca80000)
  to   space 512K, 0% used [0x000000076ca80000,0x000000076ca80000,0x000000076cb00000)
 ParOldGen       total 175104K, used 16972K [0x00000006c0000000, 0x00000006cab00000, 0x000000076ab00000)
  object space 175104K, 9% used [0x00000006c0000000,0x00000006c10933b0,0x00000006cab00000)
 Metaspace       used 20596K, capacity 20855K, committed 21120K, reserved 1069056K
  class space    used 2004K, capacity 2082K, committed 2176K, reserved 1048576K
}
Event: 2081.379 GC heap before
{Heap before GC invocations=146 (full 0):
 PSYoungGen      total 31744K, used 31488K [0x000000076ab00000, 0x000000076cb00000, 0x00000007c0000000)
  eden space 31232K, 100% used [0x000000076ab00000,0x000000076c980000,0x000000076c980000)
  from space 512K, 50% used [0x000000076ca00000,0x000000076ca40000,0x000000076ca80000)
  to   space 512K, 0% used [0x000000076ca80000,0x000000076ca80000,0x000000076cb00000)
 ParOldGen       total 175104K, used 16972K [0x00000006c0000000, 0x00000006cab00000, 0x000000076ab00000)
  object space 175104K, 9% used [0x00000006c0000000,0x00000006c10933b0,0x00000006cab00000)
 Metaspace       used 20596K, capacity 20855K, committed 21120K, reserved 1069056K
  class space    used 2004K, capacity 2082K, committed 2176K, reserved 1048576K
Event: 2081.380 GC heap after
Heap after GC invocations=146 (full 0):
 PSYoungGen      total 31744K, used 128K [0x000000076ab00000, 0x000000076cb00000, 0x00000007c0000000)
  eden space 31232K, 0% used [0x000000076ab00000,0x000000076ab00000,0x000000076c980000)
  from space 512K, 25% used [0x000000076ca80000,0x000000076caa0000,0x000000076cb00000)
  to   space 512K, 0% used [0x000000076ca00000,0x000000076ca00000,0x000000076ca80000)
 ParOldGen       total 175104K, used 16972K [0x00000006c0000000, 0x00000006cab00000, 0x000000076ab00000)
  object space 175104K, 9% used [0x00000006c0000000,0x00000006c10933b0,0x00000006cab00000)
 Metaspace       used 20596K, capacity 20855K, committed 21120K, reserved 1069056K
  class space    used 2004K, capacity 2082K, committed 2176K, reserved 1048576K
}

