# JRE version: Java(TM) SE Runtime Environment (8.0_65-b17) (build 1.8.0_65-b17)
# Java VM: Java HotSpot(TM) 64-Bit Server VM (25.65-b01 mixed mode bsd-amd64 compressed oops)
Heap:
 PSYoungGen      total 76288K, used 59410K [0x000000076ab00000, 0x0000000770000000, 0x00000007c0000000)
  eden space 65536K, 90% used [0x000000076ab00000,0x000000076e4cca30,0x000000076eb00000)
  from space 10752K, 2% used [0x000000076f580000,0x000000076f5b8000,0x0000000770000000)
  to   space 10752K, 0% used [0x000000076eb00000,0x000000076eb00000,0x000000076f580000)
 ParOldGen       total 88576K, used 16213K [0x00000006c0000000, 0x00000006c5680000, 0x000000076ab00000)
  object space 88576K, 18% used [0x00000006c0000000,0x00000006c0fd5720,0x00000006c5680000)
 Metaspace       used 21283K, capacity 21543K, committed 21808K, reserved 1069056K
  class space    used 2053K, capacity 2116K, committed 2176K, reserved 1048576K
GC Heap History (10 events):
Event: 2.348 GC heap before
{Heap before GC invocations=1 (full 0):
 PSYoungGen      total 76288K, used 65536K [0x000000076ab00000, 0x0000000770000000, 0x00000007c0000000)
  eden space 65536K, 100% used [0x000000076ab00000,0x000000076eb00000,0x000000076eb00000)
  from space 10752K, 0% used [0x000000076f580000,0x000000076f580000,0x0000000770000000)
  to   space 10752K, 0% used [0x000000076eb00000,0x000000076eb00000,0x000000076f580000)
 ParOldGen       total 175104K, used 0K [0x00000006c0000000, 0x00000006cab00000, 0x000000076ab00000)
  object space 175104K, 0% used [0x00000006c0000000,0x00000006c0000000,0x00000006cab00000)
 Metaspace       used 19499K, capacity 19735K, committed 20096K, reserved 1067008K
  class space    used 1987K, capacity 2050K, committed 2176K, reserved 1048576K
Event: 2.356 GC heap after
Heap after GC invocations=1 (full 0):
 PSYoungGen      total 76288K, used 8767K [0x000000076ab00000, 0x0000000770000000, 0x00000007c0000000)
  eden space 65536K, 0% used [0x000000076ab00000,0x000000076ab00000,0x000000076eb00000)
  from space 10752K, 81% used [0x000000076eb00000,0x000000076f38fe28,0x000000076f580000)
  to   space 10752K, 0% used [0x000000076f580000,0x000000076f580000,0x0000000770000000)
 ParOldGen       total 175104K, used 80K [0x00000006c0000000, 0x00000006cab00000, 0x000000076ab00000)
  object space 175104K, 0% used [0x00000006c0000000,0x00000006c0014010,0x00000006cab00000)
 Metaspace       used 19499K, capacity 19735K, committed 20096K, reserved 1067008K
  class space    used 1987K, capacity 2050K, committed 2176K, reserved 1048576K
}
Event: 6.670 GC heap before
{Heap before GC invocations=2 (full 0):
 PSYoungGen      total 76288K, used 74303K [0x000000076ab00000, 0x0000000770000000, 0x00000007c0000000)
  eden space 65536K, 100% used [0x000000076ab00000,0x000000076eb00000,0x000000076eb00000)
  from space 10752K, 81% used [0x000000076eb00000,0x000000076f38fe28,0x000000076f580000)
  to   space 10752K, 0% used [0x000000076f580000,0x000000076f580000,0x0000000770000000)
 ParOldGen       total 175104K, used 80K [0x00000006c0000000, 0x00000006cab00000, 0x000000076ab00000)
  object space 175104K, 0% used [0x00000006c0000000,0x00000006c0014010,0x00000006cab00000)
 Metaspace       used 20840K, capacity 21095K, committed 21296K, reserved 1069056K
  class space    used 2043K, capacity 2116K, committed 2176K, reserved 1048576K
Event: 6.679 GC heap after
Heap after GC invocations=2 (full 0):
 PSYoungGen      total 76288K, used 10730K [0x000000076ab00000, 0x0000000770000000, 0x00000007c0000000)
  eden space 65536K, 0% used [0x000000076ab00000,0x000000076ab00000,0x000000076eb00000)
  from space 10752K, 99% used [0x000000076f580000,0x000000076fffa970,0x0000000770000000)
  to   space 10752K, 0% used [0x000000076eb00000,0x000000076eb00000,0x000000076f580000)
 ParOldGen       total 175104K, used 5646K [0x00000006c0000000, 0x00000006cab00000, 0x000000076ab00000)
  object space 175104K, 3% used [0x00000006c0000000,0x00000006c05839d0,0x00000006cab00000)
 Metaspace       used 20840K, capacity 21095K, committed 21296K, reserved 1069056K
  class space    used 2043K, capacity 2116K, committed 2176K, reserved 1048576K
}
Event: 7.355 GC heap before
{Heap before GC invocations=3 (full 0):
 PSYoungGen      total 76288K, used 18012K [0x000000076ab00000, 0x0000000770000000, 0x00000007c0000000)
  eden space 65536K, 11% used [0x000000076ab00000,0x000000076b21c7f0,0x000000076eb00000)
  from space 10752K, 99% used [0x000000076f580000,0x000000076fffa970,0x0000000770000000)
  to   space 10752K, 0% used [0x000000076eb00000,0x000000076eb00000,0x000000076f580000)
 ParOldGen       total 175104K, used 5646K [0x00000006c0000000, 0x00000006cab00000, 0x000000076ab00000)
  object space 175104K, 3% used [0x00000006c0000000,0x00000006c05839d0,0x00000006cab00000)
 Metaspace       used 20862K, capacity 21095K, committed 21296K, reserved 1069056K
  class space    used 2043K, capacity 2116K, committed 2176K, reserved 1048576K
Event: 7.361 GC heap after
Heap after GC invocations=3 (full 0):
 PSYoungGen      total 76288K, used 10746K [0x000000076ab00000, 0x0000000770000000, 0x00000007c0000000)
  eden space 65536K, 0% used [0x000000076ab00000,0x000000076ab00000,0x000000076eb00000)
  from space 10752K, 99% used [0x000000076eb00000,0x000000076f57e960,0x000000076f580000)
  to   space 10752K, 0% used [0x000000076f580000,0x000000076f580000,0x0000000770000000)
 ParOldGen       total 175104K, used 5726K [0x00000006c0000000, 0x00000006cab00000, 0x000000076ab00000)
  object space 175104K, 3% used [0x00000006c0000000,0x00000006c05979d0,0x00000006cab00000)
 Metaspace       used 20862K, capacity 21095K, committed 21296K, reserved 1069056K
  class space    used 2043K, capacity 2116K, committed 2176K, reserved 1048576K
}
Event: 7.361 GC heap before
{Heap before GC invocations=4 (full 1):
 PSYoungGen      total 76288K, used 10746K [0x000000076ab00000, 0x0000000770000000, 0x00000007c0000000)
  eden space 65536K, 0% used [0x000000076ab00000,0x000000076ab00000,0x000000076eb00000)
  from space 10752K, 99% used [0x000000076eb00000,0x000000076f57e960,0x000000076f580000)
  to   space 10752K, 0% used [0x000000076f580000,0x000000076f580000,0x0000000770000000)
 ParOldGen       total 175104K, used 5726K [0x00000006c0000000, 0x00000006cab00000, 0x000000076ab00000)
  object space 175104K, 3% used [0x00000006c0000000,0x00000006c05979d0,0x00000006cab00000)
 Metaspace       used 20862K, capacity 21095K, committed 21296K, reserved 1069056K
  class space    used 2043K, capacity 2116K, committed 2176K, reserved 1048576K
Event: 7.391 GC heap after
Heap after GC invocations=4 (full 1):
 PSYoungGen      total 76288K, used 0K [0x000000076ab00000, 0x0000000770000000, 0x00000007c0000000)
  eden space 65536K, 0% used [0x000000076ab00000,0x000000076ab00000,0x000000076eb00000)
  from space 10752K, 0% used [0x000000076eb00000,0x000000076eb00000,0x000000076f580000)
  to   space 10752K, 0% used [0x000000076f580000,0x000000076f580000,0x0000000770000000)
 ParOldGen       total 88576K, used 16205K [0x00000006c0000000, 0x00000006c5680000, 0x000000076ab00000)
  object space 88576K, 18% used [0x00000006c0000000,0x00000006c0fd3720,0x00000006c5680000)
 Metaspace       used 20862K, capacity 21095K, committed 21296K, reserved 1069056K
  class space    used 2043K, capacity 2116K, committed 2176K, reserved 1048576K
}
Event: 15.722 GC heap before
{Heap before GC invocations=5 (full 1):
 PSYoungGen      total 76288K, used 65536K [0x000000076ab00000, 0x0000000770000000, 0x00000007c0000000)
  eden space 65536K, 100% used [0x000000076ab00000,0x000000076eb00000,0x000000076eb00000)
  from space 10752K, 0% used [0x000000076eb00000,0x000000076eb00000,0x000000076f580000)
  to   space 10752K, 0% used [0x000000076f580000,0x000000076f580000,0x0000000770000000)
 ParOldGen       total 88576K, used 16205K [0x00000006c0000000, 0x00000006c5680000, 0x000000076ab00000)
  object space 88576K, 18% used [0x00000006c0000000,0x00000006c0fd3720,0x00000006c5680000)
 Metaspace       used 21217K, capacity 21415K, committed 21808K, reserved 1069056K
  class space    used 2043K, capacity 2116K, committed 2176K, reserved 1048576K
Event: 15.723 GC heap after
Heap after GC invocations=5 (full 1):
 PSYoungGen      total 76288K, used 224K [0x000000076ab00000, 0x0000000770000000, 0x00000007c0000000)
  eden space 65536K, 0% used [0x000000076ab00000,0x000000076ab00000,0x000000076eb00000)
  from space 10752K, 2% used [0x000000076f580000,0x000000076f5b8000,0x0000000770000000)
  to   space 10752K, 0% used [0x000000076eb00000,0x000000076eb00000,0x000000076f580000)
 ParOldGen       total 88576K, used 16213K [0x00000006c0000000, 0x00000006c5680000, 0x000000076ab00000)
  object space 88576K, 18% used [0x00000006c0000000,0x00000006c0fd5720,0x00000006c5680000)
 Metaspace       used 21217K, capacity 21415K, committed 21808K, reserved 1069056K
  class space    used 2043K, capacity 2116K, committed 2176K, reserved 1048576K
}

